<?xml version="1.0" encoding="UTF-8"?>
<!-- Generated by org.testng.reporters.JUnitReportReporter -->
<testsuite hostname="LAPTOP-050C2G71" failures="0" tests="1" name="SE_Package.loginTest" time="9.996" errors="0" timestamp="2023-04-26T22:38:08 IST" skipped="0">
  <testcase classname="SE_Package.loginTest" name="login" time="9.996"/>
  <system-out/>
</testsuite> <!-- SE_Package.loginTest -->
