<?xml version="1.0" encoding="UTF-8"?>
<!-- Generated by org.testng.reporters.JUnitReportReporter -->
<testsuite hostname="LAPTOP-050C2G71" failures="0" tests="1" name="SelPackage.loginTest" time="8.398" errors="0" timestamp="2023-04-26T14:20:10 IST" skipped="0">
  <testcase classname="SelPackage.loginTest" name="login" time="8.398"/>
  <system-out/>
</testsuite> <!-- SelPackage.loginTest -->
